{"name": "test_create_account_form_is_displayed_on_authentication_page_TC_004", "status": "broken", "statusDetails": {"message": "selenium.common.exceptions.TimeoutException: Message: Element for xpath: '//*[@id=\"create-account_form\"]'and url: http://automationpractice.com/index.php?controller=authentication&back=my-account not found", "trace": "self = <tests.pages.test_authentication_page.AuthenticationPageSmokeTests testMethod=test_create_account_form_is_displayed_on_authentication_page_TC_004>\n\n    def test_create_account_form_is_displayed_on_authentication_page_TC_004(self):\n        self.authentication_page.visit()\n>       self.visibility_of_element_wait(self.driver, AuthLocators.form_section_xpath)\n\ntests/pages/test_authentication_page.py:11: \n_ _ _ _ _ _ _ _ _ _ _ _ _ _ _ _ _ _ _ _ _ _ _ _ _ _ _ _ _ _ _ _ _ _ _ _ _ _ _ _ _ _ _ _ _ _ _ _ _ _ _ _ _ _ _ _ _ _ _ _ _ _ _ _ _ _ _ _ _ _ _ _ _ _ _ _ _ _ _ _ _ \ntests/pages/base_test_class.py:66: in visibility_of_element_wait\n    return wait.until(element_located, f\"Element for xpath: '{xpath}'and url: {driver.current_url} not found\")\n_ _ _ _ _ _ _ _ _ _ _ _ _ _ _ _ _ _ _ _ _ _ _ _ _ _ _ _ _ _ _ _ _ _ _ _ _ _ _ _ _ _ _ _ _ _ _ _ _ _ _ _ _ _ _ _ _ _ _ _ _ _ _ _ _ _ _ _ _ _ _ _ _ _ _ _ _ _ _ _ _ \n\nself = <selenium.webdriver.support.wait.WebDriverWait (session=\"2d7cf858436e0893249bd09a0eaefdd4\")>\nmethod = <selenium.webdriver.support.expected_conditions.presence_of_element_located object at 0x7f1a59853eb0>\nmessage = 'Element for xpath: \\'//*[@id=\"create-account_form\"]\\'and url: http://automationpractice.com/index.php?controller=authentication&back=my-account not found'\n\n    def until(self, method, message=''):\n        \"\"\"Calls the method provided with the driver as an argument until the \\\n        return value is not False.\"\"\"\n        screen = None\n        stacktrace = None\n    \n        end_time = time.time() + self._timeout\n        while True:\n            try:\n                value = method(self._driver)\n                if value:\n                    return value\n            except self._ignored_exceptions as exc:\n                screen = getattr(exc, 'screen', None)\n                stacktrace = getattr(exc, 'stacktrace', None)\n            time.sleep(self._poll)\n            if time.time() > end_time:\n                break\n>       raise TimeoutException(message, screen, stacktrace)\nE       selenium.common.exceptions.TimeoutException: Message: Element for xpath: '//*[@id=\"create-account_form\"]'and url: http://automationpractice.com/index.php?controller=authentication&back=my-account not found\n\nvenv/lib/python3.8/site-packages/selenium/webdriver/support/wait.py:80: TimeoutException"}, "start": 1622612593011, "stop": 1622612603466, "uuid": "4b812783-ff89-4d3e-92f2-66b8e427a992", "historyId": "1d313f352845d69d6f5fe8d242ad110c", "testCaseId": "653352b6ea4ee945c29ae7a2c0837770", "fullName": "tests.test_suites.testsuite_all_tests.AuthenticationPageSmokeTests#test_create_account_form_is_displayed_on_authentication_page_TC_004", "labels": [{"name": "parentSuite", "value": "tests.test_suites"}, {"name": "suite", "value": "testsuite_all_tests"}, {"name": "subSuite", "value": "AuthenticationPageSmokeTests"}, {"name": "host", "value": "pehaLin"}, {"name": "thread", "value": "35281-MainThread"}, {"name": "framework", "value": "pytest"}, {"name": "language", "value": "cpython3"}, {"name": "package", "value": "tests.test_suites.testsuite_all_tests"}]}