{"name": "test_required_create_account_form_fields_are_displayed_on_page_TC_010", "status": "broken", "statusDetails": {"message": "selenium.common.exceptions.TimeoutException: Message: Element for xpath: '//*[@id=\"customer_firstname\"]'and url: http://automationpractice.com/index.php?controller=authentication&back=my-account not found", "trace": "self = <tests.pages.test_create_account_page.CreateAccountPageSmokeTests testMethod=test_required_create_account_form_fields_are_displayed_on_page_TC_010>\n\n    def test_required_create_account_form_fields_are_displayed_on_page_TC_010(self):\n        self.go_to_create_account_form()\n        for field in CL.required_fields:\n            with self.subTest(field):\n>               self.visibility_of_element_wait(self.driver, field)\n\ntests/pages/test_create_account_page.py:60: \n_ _ _ _ _ _ _ _ _ _ _ _ _ _ _ _ _ _ _ _ _ _ _ _ _ _ _ _ _ _ _ _ _ _ _ _ _ _ _ _ _ _ _ _ _ _ _ _ _ _ _ _ _ _ _ _ _ _ _ _ _ _ _ _ _ _ _ _ _ _ _ _ _ _ _ _ _ _ _ _ _ \ntests/pages/base_test_class.py:66: in visibility_of_element_wait\n    return wait.until(element_located, f\"Element for xpath: '{xpath}'and url: {driver.current_url} not found\")\n_ _ _ _ _ _ _ _ _ _ _ _ _ _ _ _ _ _ _ _ _ _ _ _ _ _ _ _ _ _ _ _ _ _ _ _ _ _ _ _ _ _ _ _ _ _ _ _ _ _ _ _ _ _ _ _ _ _ _ _ _ _ _ _ _ _ _ _ _ _ _ _ _ _ _ _ _ _ _ _ _ \n\nself = <selenium.webdriver.support.wait.WebDriverWait (session=\"97d3b48b40904d6d0b533d1517641be6\")>\nmethod = <selenium.webdriver.support.expected_conditions.presence_of_element_located object at 0x7f8ea2b9e340>\nmessage = 'Element for xpath: \\'//*[@id=\"customer_firstname\"]\\'and url: http://automationpractice.com/index.php?controller=authentication&back=my-account not found'\n\n    def until(self, method, message=''):\n        \"\"\"Calls the method provided with the driver as an argument until the \\\n        return value is not False.\"\"\"\n        screen = None\n        stacktrace = None\n    \n        end_time = time.time() + self._timeout\n        while True:\n            try:\n                value = method(self._driver)\n                if value:\n                    return value\n            except self._ignored_exceptions as exc:\n                screen = getattr(exc, 'screen', None)\n                stacktrace = getattr(exc, 'stacktrace', None)\n            time.sleep(self._poll)\n            if time.time() > end_time:\n                break\n>       raise TimeoutException(message, screen, stacktrace)\nE       selenium.common.exceptions.TimeoutException: Message: Element for xpath: '//*[@id=\"customer_firstname\"]'and url: http://automationpractice.com/index.php?controller=authentication&back=my-account not found\n\nvenv/lib/python3.8/site-packages/selenium/webdriver/support/wait.py:80: TimeoutException"}, "attachments": [{"name": "stdout", "source": "7a1e7b72-a115-4ee1-84d6-7ff2aff04279-attachment.txt", "type": "text/plain"}], "start": 1622613458272, "stop": 1622613468551, "uuid": "1ab9d237-e06a-4385-84ac-e892f7a8e10e", "historyId": "ea5270fdf11882bb08865b8fa8d7cf50", "testCaseId": "bf8e60d0ec8ae232e967e2b484cf35f4", "fullName": "tests.test_suites.testsuite_all_tests.CreateAccountPageSmokeTests#test_required_create_account_form_fields_are_displayed_on_page_TC_010", "labels": [{"name": "parentSuite", "value": "tests.test_suites"}, {"name": "suite", "value": "testsuite_all_tests"}, {"name": "subSuite", "value": "CreateAccountPageSmokeTests"}, {"name": "host", "value": "pehaLin"}, {"name": "thread", "value": "40533-MainThread"}, {"name": "framework", "value": "pytest"}, {"name": "language", "value": "cpython3"}, {"name": "package", "value": "tests.test_suites.testsuite_all_tests"}]}