{"name": "test_email_input_field_is_displayed_on_authentication_page_TC_005", "status": "broken", "statusDetails": {"message": "selenium.common.exceptions.TimeoutException: Message: Element for xpath: '//*[@id=\"email_create\"]'and url: http://automationpractice.com/index.php?controller=authentication&back=my-account not found", "trace": "self = <tests.pages.test_authentication_page.AuthenticationPageSmokeTests testMethod=test_email_input_field_is_displayed_on_authentication_page_TC_005>\n\n    def test_email_input_field_is_displayed_on_authentication_page_TC_005(self):\n        self.authentication_page.visit()\n>       self.visibility_of_element_wait(self.driver, AuthLocators.email_input_field_xpath)\n\ntests/pages/test_authentication_page.py:15: \n_ _ _ _ _ _ _ _ _ _ _ _ _ _ _ _ _ _ _ _ _ _ _ _ _ _ _ _ _ _ _ _ _ _ _ _ _ _ _ _ _ _ _ _ _ _ _ _ _ _ _ _ _ _ _ _ _ _ _ _ _ _ _ _ _ _ _ _ _ _ _ _ _ _ _ _ _ _ _ _ _ \ntests/pages/base_test_class.py:66: in visibility_of_element_wait\n    return wait.until(element_located, f\"Element for xpath: '{xpath}'and url: {driver.current_url} not found\")\n_ _ _ _ _ _ _ _ _ _ _ _ _ _ _ _ _ _ _ _ _ _ _ _ _ _ _ _ _ _ _ _ _ _ _ _ _ _ _ _ _ _ _ _ _ _ _ _ _ _ _ _ _ _ _ _ _ _ _ _ _ _ _ _ _ _ _ _ _ _ _ _ _ _ _ _ _ _ _ _ _ \n\nself = <selenium.webdriver.support.wait.WebDriverWait (session=\"425a8ead2141e6da8f98b2696d574ef3\")>\nmethod = <selenium.webdriver.support.expected_conditions.presence_of_element_located object at 0x7fb241956c40>\nmessage = 'Element for xpath: \\'//*[@id=\"email_create\"]\\'and url: http://automationpractice.com/index.php?controller=authentication&back=my-account not found'\n\n    def until(self, method, message=''):\n        \"\"\"Calls the method provided with the driver as an argument until the \\\n        return value is not False.\"\"\"\n        screen = None\n        stacktrace = None\n    \n        end_time = time.time() + self._timeout\n        while True:\n            try:\n                value = method(self._driver)\n                if value:\n                    return value\n            except self._ignored_exceptions as exc:\n                screen = getattr(exc, 'screen', None)\n                stacktrace = getattr(exc, 'stacktrace', None)\n            time.sleep(self._poll)\n            if time.time() > end_time:\n                break\n>       raise TimeoutException(message, screen, stacktrace)\nE       selenium.common.exceptions.TimeoutException: Message: Element for xpath: '//*[@id=\"email_create\"]'and url: http://automationpractice.com/index.php?controller=authentication&back=my-account not found\n\nvenv/lib/python3.8/site-packages/selenium/webdriver/support/wait.py:80: TimeoutException"}, "attachments": [{"name": "stdout", "source": "f77d825f-e1ee-4ee3-ae0c-01d9b4914c61-attachment.txt", "type": "text/plain"}], "start": 1622612653660, "stop": 1622612664126, "uuid": "7a534949-3219-439c-a72c-9ffff4a5063d", "historyId": "f3691a66897e15581ab1b35292e5ac26", "testCaseId": "f46f0b615d43b59cac7539e59c4bf90a", "fullName": "tests.test_suites.testsuite_all_tests.AuthenticationPageSmokeTests#test_email_input_field_is_displayed_on_authentication_page_TC_005", "labels": [{"name": "parentSuite", "value": "tests.test_suites"}, {"name": "suite", "value": "testsuite_all_tests"}, {"name": "subSuite", "value": "AuthenticationPageSmokeTests"}, {"name": "host", "value": "pehaLin"}, {"name": "thread", "value": "37436-MainThread"}, {"name": "framework", "value": "pytest"}, {"name": "language", "value": "cpython3"}, {"name": "package", "value": "tests.test_suites.testsuite_all_tests"}]}