{"name": "test_register_button_is_displayed_on_page_TC_011", "status": "broken", "statusDetails": {"message": "selenium.common.exceptions.TimeoutException: Message: Element for xpath: '//*[@id=\"submitAccount\"]'and url: http://automationpractice.com/index.php?controller=authentication&back=my-account not found", "trace": "self = <tests.pages.test_create_account_page.CreateAccountPageSmokeTests testMethod=test_register_button_is_displayed_on_page_TC_011>\n\n    def test_register_button_is_displayed_on_page_TC_011(self):\n        self.go_to_create_account_form()\n>       self.visibility_of_element_wait(self.driver, CL.register_button_xpath)\n\ntests/pages/test_create_account_page.py:64: \n_ _ _ _ _ _ _ _ _ _ _ _ _ _ _ _ _ _ _ _ _ _ _ _ _ _ _ _ _ _ _ _ _ _ _ _ _ _ _ _ _ _ _ _ _ _ _ _ _ _ _ _ _ _ _ _ _ _ _ _ _ _ _ _ _ _ _ _ _ _ _ _ _ _ _ _ _ _ _ _ _ \ntests/pages/base_test_class.py:66: in visibility_of_element_wait\n    return wait.until(element_located, f\"Element for xpath: '{xpath}'and url: {driver.current_url} not found\")\n_ _ _ _ _ _ _ _ _ _ _ _ _ _ _ _ _ _ _ _ _ _ _ _ _ _ _ _ _ _ _ _ _ _ _ _ _ _ _ _ _ _ _ _ _ _ _ _ _ _ _ _ _ _ _ _ _ _ _ _ _ _ _ _ _ _ _ _ _ _ _ _ _ _ _ _ _ _ _ _ _ \n\nself = <selenium.webdriver.support.wait.WebDriverWait (session=\"97d3b48b40904d6d0b533d1517641be6\")>\nmethod = <selenium.webdriver.support.expected_conditions.presence_of_element_located object at 0x7f8ea2ad2940>\nmessage = 'Element for xpath: \\'//*[@id=\"submitAccount\"]\\'and url: http://automationpractice.com/index.php?controller=authentication&back=my-account not found'\n\n    def until(self, method, message=''):\n        \"\"\"Calls the method provided with the driver as an argument until the \\\n        return value is not False.\"\"\"\n        screen = None\n        stacktrace = None\n    \n        end_time = time.time() + self._timeout\n        while True:\n            try:\n                value = method(self._driver)\n                if value:\n                    return value\n            except self._ignored_exceptions as exc:\n                screen = getattr(exc, 'screen', None)\n                stacktrace = getattr(exc, 'stacktrace', None)\n            time.sleep(self._poll)\n            if time.time() > end_time:\n                break\n>       raise TimeoutException(message, screen, stacktrace)\nE       selenium.common.exceptions.TimeoutException: Message: Element for xpath: '//*[@id=\"submitAccount\"]'and url: http://automationpractice.com/index.php?controller=authentication&back=my-account not found\n\nvenv/lib/python3.8/site-packages/selenium/webdriver/support/wait.py:80: TimeoutException"}, "start": 1622613447987, "stop": 1622613458257, "uuid": "db5b33f2-4ade-4b8c-b48e-94c350fd0991", "historyId": "da06614d80b952d9bf92df3aae459d0f", "testCaseId": "a5862a6d26b2d70d3ea9bf7af106b3c1", "fullName": "tests.test_suites.testsuite_all_tests.CreateAccountPageSmokeTests#test_register_button_is_displayed_on_page_TC_011", "labels": [{"name": "parentSuite", "value": "tests.test_suites"}, {"name": "suite", "value": "testsuite_all_tests"}, {"name": "subSuite", "value": "CreateAccountPageSmokeTests"}, {"name": "host", "value": "pehaLin"}, {"name": "thread", "value": "40533-MainThread"}, {"name": "framework", "value": "pytest"}, {"name": "language", "value": "cpython3"}, {"name": "package", "value": "tests.test_suites.testsuite_all_tests"}]}